{"/Users/sahiltyagi/CascadeProjects/jk-tech/src/app.controller.ts": {"path":"/Users/sahiltyagi/CascadeProjects/jk-tech/src/app.controller.ts","statementMap":{"0":{"start":{"line":1,"column":0},"end":{"line":1,"column":49}},"1":{"start":{"line":2,"column":0},"end":{"line":2,"column":43}},"2":{"start":{"line":5,"column":7},"end":{"line":12,"column":null}},"3":{"start":{"line":6,"column":31},"end":{"line":6,"column":43}},"4":{"start":{"line":10,"column":4},"end":{"line":10,"column":38}},"5":{"start":{"line":5,"column":13},"end":{"line":5,"column":26}},"6":{"start":{"line":9,"column":2},"end":{"line":11,"column":null}},"7":{"start":{"line":5,"column":13},"end":{"line":12,"column":null}}},"fnMap":{"0":{"name":"(anonymous_2)","decl":{"start":{"line":6,"column":2},"end":{"line":6,"column":31}},"loc":{"start":{"line":6,"column":53},"end":{"line":6,"column":57}}},"1":{"name":"(anonymous_3)","decl":{"start":{"line":9,"column":2},"end":{"line":9,"column":10}},"loc":{"start":{"line":9,"column":10},"end":{"line":11,"column":3}}}},"branchMap":{},"s":{"0":1,"1":1,"2":1,"3":1,"4":1,"5":1,"6":1,"7":1},"f":{"0":1,"1":1},"b":{}}
,"/Users/sahiltyagi/CascadeProjects/jk-tech/src/app.module.ts": {"path":"/Users/sahiltyagi/CascadeProjects/jk-tech/src/app.module.ts","statementMap":{"0":{"start":{"line":1,"column":0},"end":{"line":1,"column":40}},"1":{"start":{"line":2,"column":0},"end":{"line":2,"column":61}},"2":{"start":{"line":3,"column":0},"end":{"line":3,"column":50}},"3":{"start":{"line":4,"column":0},"end":{"line":4,"column":74}},"4":{"start":{"line":5,"column":0},"end":{"line":5,"column":49}},"5":{"start":{"line":6,"column":0},"end":{"line":6,"column":43}},"6":{"start":{"line":7,"column":0},"end":{"line":7,"column":48}},"7":{"start":{"line":8,"column":0},"end":{"line":8,"column":51}},"8":{"start":{"line":9,"column":0},"end":{"line":9,"column":63}},"9":{"start":{"line":10,"column":0},"end":{"line":10,"column":63}},"10":{"start":{"line":47,"column":7},"end":{"line":47,"column":null}},"11":{"start":{"line":47,"column":13},"end":{"line":47,"column":22}},"12":{"start":{"line":47,"column":13},"end":{"line":47,"column":null}},"13":{"start":{"line":21,"column":25},"end":{"line":21,"column":120}},"14":{"start":{"line":22,"column":8},"end":{"line":22,"column":44}},"15":{"start":{"line":23,"column":8},"end":{"line":26,"column":10}},"16":{"start":{"line":32,"column":53},"end":{"line":36,"column":8}}},"fnMap":{"0":{"name":"(anonymous_1)","decl":{"start":{"line":20,"column":18},"end":{"line":20,"column":19}},"loc":{"start":{"line":20,"column":71},"end":{"line":27,"column":7}}},"1":{"name":"(anonymous_2)","decl":{"start":{"line":32,"column":18},"end":{"line":32,"column":19}},"loc":{"start":{"line":32,"column":53},"end":{"line":36,"column":8}}}},"branchMap":{},"s":{"0":0,"1":0,"2":0,"3":0,"4":0,"5":0,"6":0,"7":0,"8":0,"9":0,"10":0,"11":0,"12":0,"13":0,"14":0,"15":0,"16":0},"f":{"0":0,"1":0},"b":{}}
,"/Users/sahiltyagi/CascadeProjects/jk-tech/src/app.service.ts": {"path":"/Users/sahiltyagi/CascadeProjects/jk-tech/src/app.service.ts","statementMap":{"0":{"start":{"line":1,"column":0},"end":{"line":1,"column":44}},"1":{"start":{"line":4,"column":7},"end":{"line":8,"column":null}},"2":{"start":{"line":6,"column":4},"end":{"line":6,"column":26}},"3":{"start":{"line":4,"column":13},"end":{"line":4,"column":23}},"4":{"start":{"line":4,"column":13},"end":{"line":8,"column":null}}},"fnMap":{"0":{"name":"(anonymous_1)","decl":{"start":{"line":5,"column":2},"end":{"line":5,"column":10}},"loc":{"start":{"line":5,"column":10},"end":{"line":7,"column":3}}}},"branchMap":{},"s":{"0":1,"1":1,"2":1,"3":1,"4":1},"f":{"0":1},"b":{}}
,"/Users/sahiltyagi/CascadeProjects/jk-tech/src/main.ts": {"path":"/Users/sahiltyagi/CascadeProjects/jk-tech/src/main.ts","statementMap":{"0":{"start":{"line":1,"column":0},"end":{"line":1,"column":43}},"1":{"start":{"line":2,"column":0},"end":{"line":2,"column":41}},"2":{"start":{"line":3,"column":0},"end":{"line":3,"column":65}},"3":{"start":{"line":4,"column":0},"end":{"line":4,"column":47}},"4":{"start":{"line":5,"column":0},"end":{"line":5,"column":48}},"5":{"start":{"line":8,"column":14},"end":{"line":8,"column":49}},"6":{"start":{"line":9,"column":24},"end":{"line":9,"column":46}},"7":{"start":{"line":12,"column":2},"end":{"line":16,"column":6}},"8":{"start":{"line":19,"column":17},"end":{"line":24,"column":12}},"9":{"start":{"line":25,"column":19},"end":{"line":25,"column":60}},"10":{"start":{"line":26,"column":2},"end":{"line":26,"column":44}},"11":{"start":{"line":28,"column":15},"end":{"line":28,"column":56}},"12":{"start":{"line":29,"column":2},"end":{"line":29,"column":25}},"13":{"start":{"line":30,"column":2},"end":{"line":30,"column":66}},"14":{"start":{"line":31,"column":2},"end":{"line":31,"column":67}},"15":{"start":{"line":33,"column":0},"end":{"line":33,"column":12}}},"fnMap":{"0":{"name":"bootstrap","decl":{"start":{"line":7,"column":15},"end":{"line":7,"column":24}},"loc":{"start":{"line":7,"column":24},"end":{"line":32,"column":1}}}},"branchMap":{"0":{"loc":{"start":{"line":28,"column":15},"end":{"line":28,"column":56}},"type":"binary-expr","locations":[{"start":{"line":28,"column":15},"end":{"line":28,"column":48}},{"start":{"line":28,"column":52},"end":{"line":28,"column":56}}]}},"s":{"0":0,"1":0,"2":0,"3":0,"4":0,"5":0,"6":0,"7":0,"8":0,"9":0,"10":0,"11":0,"12":0,"13":0,"14":0,"15":0},"f":{"0":0},"b":{"0":[0,0]}}
,"/Users/sahiltyagi/CascadeProjects/jk-tech/src/auth/auth.controller.ts": {"path":"/Users/sahiltyagi/CascadeProjects/jk-tech/src/auth/auth.controller.ts","statementMap":{"0":{"start":{"line":1,"column":0},"end":{"line":1,"column":44}},"1":{"start":{"line":4,"column":7},"end":{"line":4,"column":null}},"2":{"start":{"line":4,"column":13},"end":{"line":4,"column":27}},"3":{"start":{"line":4,"column":13},"end":{"line":4,"column":null}}},"fnMap":{},"branchMap":{},"s":{"0":1,"1":1,"2":1,"3":1},"f":{},"b":{}}
,"/Users/sahiltyagi/CascadeProjects/jk-tech/src/auth/auth.module.ts": {"path":"/Users/sahiltyagi/CascadeProjects/jk-tech/src/auth/auth.module.ts","statementMap":{"0":{"start":{"line":1,"column":0},"end":{"line":1,"column":40}},"1":{"start":{"line":2,"column":0},"end":{"line":2,"column":45}},"2":{"start":{"line":3,"column":0},"end":{"line":3,"column":51}},"3":{"start":{"line":4,"column":0},"end":{"line":4,"column":52}},"4":{"start":{"line":5,"column":0},"end":{"line":5,"column":50}},"5":{"start":{"line":6,"column":0},"end":{"line":6,"column":40}},"6":{"start":{"line":7,"column":0},"end":{"line":7,"column":61}},"7":{"start":{"line":8,"column":0},"end":{"line":8,"column":60}},"8":{"start":{"line":9,"column":0},"end":{"line":9,"column":56}},"9":{"start":{"line":31,"column":7},"end":{"line":31,"column":null}},"10":{"start":{"line":31,"column":13},"end":{"line":31,"column":23}},"11":{"start":{"line":31,"column":13},"end":{"line":31,"column":null}},"12":{"start":{"line":17,"column":59},"end":{"line":22,"column":8}}},"fnMap":{"0":{"name":"(anonymous_1)","decl":{"start":{"line":17,"column":18},"end":{"line":17,"column":23}},"loc":{"start":{"line":17,"column":59},"end":{"line":22,"column":8}}}},"branchMap":{},"s":{"0":0,"1":0,"2":0,"3":0,"4":0,"5":0,"6":0,"7":0,"8":0,"9":0,"10":0,"11":0,"12":0},"f":{"0":0},"b":{}}
,"/Users/sahiltyagi/CascadeProjects/jk-tech/src/auth/auth.service.ts": {"path":"/Users/sahiltyagi/CascadeProjects/jk-tech/src/auth/auth.service.ts","statementMap":{"0":{"start":{"line":1,"column":0},"end":{"line":1,"column":88}},"1":{"start":{"line":2,"column":0},"end":{"line":2,"column":54}},"2":{"start":{"line":3,"column":0},"end":{"line":3,"column":41}},"3":{"start":{"line":4,"column":0},"end":{"line":4,"column":33}},"4":{"start":{"line":7,"column":0},"end":{"line":7,"column":65}},"5":{"start":{"line":8,"column":0},"end":{"line":8,"column":47}},"6":{"start":{"line":11,"column":7},"end":{"line":91,"column":null}},"7":{"start":{"line":13,"column":12},"end":{"line":13,"column":26}},"8":{"start":{"line":14,"column":12},"end":{"line":14,"column":24}},"9":{"start":{"line":18,"column":23},"end":{"line":18,"column":80}},"10":{"start":{"line":19,"column":4},"end":{"line":21,"column":5}},"11":{"start":{"line":20,"column":6},"end":{"line":20,"column":61}},"12":{"start":{"line":23,"column":26},"end":{"line":23,"column":73}},"13":{"start":{"line":24,"column":4},"end":{"line":26,"column":5}},"14":{"start":{"line":25,"column":6},"end":{"line":25,"column":61}},"15":{"start":{"line":28,"column":4},"end":{"line":30,"column":5}},"16":{"start":{"line":29,"column":6},"end":{"line":29,"column":61}},"17":{"start":{"line":32,"column":4},"end":{"line":32,"column":43}},"18":{"start":{"line":36,"column":4},"end":{"line":54,"column":5}},"19":{"start":{"line":37,"column":34},"end":{"line":43,"column":8}},"20":{"start":{"line":45,"column":26},"end":{"line":45,"column":55}},"21":{"start":{"line":46,"column":6},"end":{"line":51,"column":8}},"22":{"start":{"line":53,"column":6},"end":{"line":53,"column":54}},"23":{"start":{"line":58,"column":4},"end":{"line":89,"column":5}},"24":{"start":{"line":60,"column":27},"end":{"line":60,"column":86}},"25":{"start":{"line":61,"column":6},"end":{"line":63,"column":7}},"26":{"start":{"line":62,"column":8},"end":{"line":62,"column":66}},"27":{"start":{"line":66,"column":19},"end":{"line":69,"column":8}},"28":{"start":{"line":72,"column":34},"end":{"line":78,"column":8}},"29":{"start":{"line":80,"column":26},"end":{"line":80,"column":55}},"30":{"start":{"line":81,"column":6},"end":{"line":86,"column":8}},"31":{"start":{"line":88,"column":6},"end":{"line":88,"column":51}},"32":{"start":{"line":11,"column":13},"end":{"line":11,"column":24}},"33":{"start":{"line":11,"column":13},"end":{"line":91,"column":null}}},"fnMap":{"0":{"name":"(anonymous_2)","decl":{"start":{"line":12,"column":2},"end":{"line":12,"column":null}},"loc":{"start":{"line":14,"column":34},"end":{"line":15,"column":6}}},"1":{"name":"(anonymous_3)","decl":{"start":{"line":17,"column":2},"end":{"line":17,"column":7}},"loc":{"start":{"line":17,"column":48},"end":{"line":33,"column":3}}},"2":{"name":"(anonymous_4)","decl":{"start":{"line":35,"column":2},"end":{"line":35,"column":7}},"loc":{"start":{"line":35,"column":35},"end":{"line":55,"column":3}}},"3":{"name":"(anonymous_5)","decl":{"start":{"line":57,"column":2},"end":{"line":57,"column":7}},"loc":{"start":{"line":57,"column":35},"end":{"line":90,"column":3}}}},"branchMap":{"0":{"loc":{"start":{"line":19,"column":4},"end":{"line":21,"column":5}},"type":"if","locations":[{"start":{"line":19,"column":4},"end":{"line":21,"column":5}}]},"1":{"loc":{"start":{"line":24,"column":4},"end":{"line":26,"column":5}},"type":"if","locations":[{"start":{"line":24,"column":4},"end":{"line":26,"column":5}}]},"2":{"loc":{"start":{"line":28,"column":4},"end":{"line":30,"column":5}},"type":"if","locations":[{"start":{"line":28,"column":4},"end":{"line":30,"column":5}}]},"3":{"loc":{"start":{"line":61,"column":6},"end":{"line":63,"column":7}},"type":"if","locations":[{"start":{"line":61,"column":6},"end":{"line":63,"column":7}}]}},"s":{"0":1,"1":1,"2":1,"3":1,"4":1,"5":1,"6":1,"7":1,"8":1,"9":0,"10":0,"11":0,"12":0,"13":0,"14":0,"15":0,"16":0,"17":0,"18":0,"19":0,"20":0,"21":0,"22":0,"23":0,"24":0,"25":0,"26":0,"27":0,"28":0,"29":0,"30":0,"31":0,"32":1,"33":1},"f":{"0":1,"1":0,"2":0,"3":0},"b":{"0":[0],"1":[0],"2":[0],"3":[0]}}
,"/Users/sahiltyagi/CascadeProjects/jk-tech/src/auth/guards/jwt-auth.guard.ts": {"path":"/Users/sahiltyagi/CascadeProjects/jk-tech/src/auth/guards/jwt-auth.guard.ts","statementMap":{"0":{"start":{"line":1,"column":0},"end":{"line":1,"column":98}},"1":{"start":{"line":2,"column":0},"end":{"line":2,"column":41}},"2":{"start":{"line":3,"column":0},"end":{"line":3,"column":41}},"3":{"start":{"line":7,"column":7},"end":{"line":34,"column":null}},"4":{"start":{"line":9,"column":21},"end":{"line":9,"column":32}},"5":{"start":{"line":10,"column":21},"end":{"line":10,"column":33}},"6":{"start":{"line":14,"column":20},"end":{"line":14,"column":81}},"7":{"start":{"line":15,"column":18},"end":{"line":15,"column":54}},"8":{"start":{"line":17,"column":4},"end":{"line":19,"column":5}},"9":{"start":{"line":18,"column":6},"end":{"line":18,"column":74}},"10":{"start":{"line":21,"column":4},"end":{"line":27,"column":5}},"11":{"start":{"line":22,"column":22},"end":{"line":22,"column":62}},"12":{"start":{"line":23,"column":6},"end":{"line":23,"column":29}},"13":{"start":{"line":24,"column":6},"end":{"line":24,"column":18}},"14":{"start":{"line":26,"column":6},"end":{"line":26,"column":70}},"15":{"start":{"line":31,"column":26},"end":{"line":31,"column":73}},"16":{"start":{"line":32,"column":4},"end":{"line":32,"column":49}},"17":{"start":{"line":7,"column":13},"end":{"line":7,"column":25}},"18":{"start":{"line":7,"column":13},"end":{"line":34,"column":null}}},"fnMap":{"0":{"name":"(anonymous_2)","decl":{"start":{"line":8,"column":2},"end":{"line":8,"column":null}},"loc":{"start":{"line":10,"column":43},"end":{"line":11,"column":6}}},"1":{"name":"(anonymous_3)","decl":{"start":{"line":13,"column":2},"end":{"line":13,"column":7}},"loc":{"start":{"line":13,"column":45},"end":{"line":28,"column":3}}},"2":{"name":"(anonymous_4)","decl":{"start":{"line":30,"column":10},"end":{"line":30,"column":32}},"loc":{"start":{"line":30,"column":49},"end":{"line":33,"column":3}}}},"branchMap":{"0":{"loc":{"start":{"line":17,"column":4},"end":{"line":19,"column":5}},"type":"if","locations":[{"start":{"line":17,"column":4},"end":{"line":19,"column":5}}]},"1":{"loc":{"start":{"line":31,"column":26},"end":{"line":31,"column":73}},"type":"binary-expr","locations":[{"start":{"line":31,"column":26},"end":{"line":31,"column":67}},{"start":{"line":31,"column":71},"end":{"line":31,"column":73}}]},"2":{"loc":{"start":{"line":32,"column":11},"end":{"line":32,"column":48}},"type":"cond-expr","locations":[{"start":{"line":32,"column":31},"end":{"line":32,"column":36}},{"start":{"line":32,"column":39},"end":{"line":32,"column":48}}]}},"s":{"0":1,"1":1,"2":1,"3":1,"4":3,"5":3,"6":0,"7":0,"8":0,"9":0,"10":0,"11":0,"12":0,"13":0,"14":0,"15":0,"16":0,"17":1,"18":1},"f":{"0":3,"1":0,"2":0},"b":{"0":[0],"1":[0,0],"2":[0,0]}}
,"/Users/sahiltyagi/CascadeProjects/jk-tech/src/auth/strategies/jwt.strategy.ts": {"path":"/Users/sahiltyagi/CascadeProjects/jk-tech/src/auth/strategies/jwt.strategy.ts","statementMap":{"0":{"start":{"line":2,"column":0},"end":{"line":2,"column":52}},"1":{"start":{"line":3,"column":0},"end":{"line":3,"column":52}},"2":{"start":{"line":4,"column":0},"end":{"line":4,"column":67}},"3":{"start":{"line":5,"column":0},"end":{"line":5,"column":47}},"4":{"start":{"line":6,"column":0},"end":{"line":6,"column":57}},"5":{"start":{"line":19,"column":7},"end":{"line":46,"column":null}},"6":{"start":{"line":24,"column":4},"end":{"line":28,"column":7}},"7":{"start":{"line":21,"column":21},"end":{"line":21,"column":36}},"8":{"start":{"line":22,"column":21},"end":{"line":22,"column":35}},"9":{"start":{"line":32,"column":23},"end":{"line":32,"column":67}},"10":{"start":{"line":33,"column":4},"end":{"line":35,"column":5}},"11":{"start":{"line":34,"column":6},"end":{"line":34,"column":87}},"12":{"start":{"line":37,"column":4},"end":{"line":44,"column":6}},"13":{"start":{"line":19,"column":13},"end":{"line":19,"column":24}},"14":{"start":{"line":19,"column":13},"end":{"line":46,"column":null}}},"fnMap":{"0":{"name":"(anonymous_2)","decl":{"start":{"line":20,"column":2},"end":{"line":20,"column":null}},"loc":{"start":{"line":22,"column":47},"end":{"line":29,"column":3}}},"1":{"name":"(anonymous_3)","decl":{"start":{"line":31,"column":2},"end":{"line":31,"column":7}},"loc":{"start":{"line":31,"column":36},"end":{"line":45,"column":3}}}},"branchMap":{"0":{"loc":{"start":{"line":33,"column":4},"end":{"line":35,"column":5}},"type":"if","locations":[{"start":{"line":33,"column":4},"end":{"line":35,"column":5}}]},"1":{"loc":{"start":{"line":33,"column":8},"end":{"line":33,"column":43}},"type":"binary-expr","locations":[{"start":{"line":33,"column":8},"end":{"line":33,"column":19}},{"start":{"line":33,"column":23},"end":{"line":33,"column":43}}]}},"s":{"0":0,"1":0,"2":0,"3":0,"4":0,"5":0,"6":0,"7":0,"8":0,"9":0,"10":0,"11":0,"12":0,"13":0,"14":0},"f":{"0":0,"1":0},"b":{"0":[0],"1":[0,0]}}
,"/Users/sahiltyagi/CascadeProjects/jk-tech/src/auth/strategies/local.strategy.ts": {"path":"/Users/sahiltyagi/CascadeProjects/jk-tech/src/auth/strategies/local.strategy.ts","statementMap":{"0":{"start":{"line":2,"column":0},"end":{"line":2,"column":42}},"1":{"start":{"line":3,"column":0},"end":{"line":3,"column":52}},"2":{"start":{"line":4,"column":0},"end":{"line":4,"column":67}},"3":{"start":{"line":5,"column":0},"end":{"line":5,"column":46}},"4":{"start":{"line":9,"column":7},"end":{"line":21,"column":null}},"5":{"start":{"line":11,"column":4},"end":{"line":11,"column":38}},"6":{"start":{"line":10,"column":22},"end":{"line":10,"column":35}},"7":{"start":{"line":15,"column":17},"end":{"line":15,"column":65}},"8":{"start":{"line":16,"column":4},"end":{"line":18,"column":5}},"9":{"start":{"line":17,"column":6},"end":{"line":17,"column":61}},"10":{"start":{"line":19,"column":4},"end":{"line":19,"column":16}},"11":{"start":{"line":9,"column":13},"end":{"line":9,"column":26}},"12":{"start":{"line":9,"column":13},"end":{"line":21,"column":null}}},"fnMap":{"0":{"name":"(anonymous_2)","decl":{"start":{"line":10,"column":2},"end":{"line":10,"column":22}},"loc":{"start":{"line":10,"column":46},"end":{"line":12,"column":3}}},"1":{"name":"(anonymous_3)","decl":{"start":{"line":14,"column":2},"end":{"line":14,"column":7}},"loc":{"start":{"line":14,"column":44},"end":{"line":20,"column":3}}}},"branchMap":{"0":{"loc":{"start":{"line":16,"column":4},"end":{"line":18,"column":5}},"type":"if","locations":[{"start":{"line":16,"column":4},"end":{"line":18,"column":5}}]}},"s":{"0":0,"1":0,"2":0,"3":0,"4":0,"5":0,"6":0,"7":0,"8":0,"9":0,"10":0,"11":0,"12":0},"f":{"0":0,"1":0},"b":{"0":[0]}}
,"/Users/sahiltyagi/CascadeProjects/jk-tech/src/common/dto/base.dto.ts": {"path":"/Users/sahiltyagi/CascadeProjects/jk-tech/src/common/dto/base.dto.ts","statementMap":{"0":{"start":{"line":1,"column":0},"end":{"line":1,"column":46}},"1":{"start":{"line":2,"column":0},"end":{"line":2,"column":67}},"2":{"start":{"line":4,"column":0},"end":{"line":4,"column":13}},"3":{"start":{"line":10,"column":2},"end":{"line":10,"column":null}},"4":{"start":{"line":16,"column":2},"end":{"line":16,"column":null}},"5":{"start":{"line":22,"column":2},"end":{"line":22,"column":null}}},"fnMap":{},"branchMap":{},"s":{"0":0,"1":0,"2":0,"3":0,"4":0,"5":0},"f":{},"b":{}}
,"/Users/sahiltyagi/CascadeProjects/jk-tech/src/common/enums/user-role.enum.ts": {"path":"/Users/sahiltyagi/CascadeProjects/jk-tech/src/common/enums/user-role.enum.ts","statementMap":{"0":{"start":{"line":2,"column":0},"end":{"line":2,"column":null}},"1":{"start":{"line":3,"column":2},"end":{"line":3,"column":null}},"2":{"start":{"line":4,"column":2},"end":{"line":4,"column":null}},"3":{"start":{"line":5,"column":2},"end":{"line":5,"column":null}}},"fnMap":{"0":{"name":"(anonymous_0)","decl":{"start":{"line":2,"column":0},"end":{"line":2,"column":12}},"loc":{"start":{"line":2,"column":20},"end":{"line":6,"column":1}}}},"branchMap":{"0":{"loc":{"start":{"line":2,"column":12},"end":{"line":2,"column":null}},"type":"binary-expr","locations":[{"start":{"line":2,"column":12},"end":{"line":2,"column":20}},{"start":{"line":2,"column":20},"end":{"line":2,"column":null}}]}},"s":{"0":3,"1":3,"2":3,"3":3},"f":{"0":3},"b":{"0":[3,3]}}
,"/Users/sahiltyagi/CascadeProjects/jk-tech/src/config/mongodb.config.ts": {"path":"/Users/sahiltyagi/CascadeProjects/jk-tech/src/config/mongodb.config.ts","statementMap":{"0":{"start":{"line":1,"column":0},"end":{"line":1,"column":40}},"1":{"start":{"line":2,"column":0},"end":{"line":2,"column":61}},"2":{"start":{"line":3,"column":0},"end":{"line":3,"column":50}},"3":{"start":{"line":22,"column":7},"end":{"line":22,"column":null}},"4":{"start":{"line":22,"column":13},"end":{"line":22,"column":32}},"5":{"start":{"line":22,"column":13},"end":{"line":22,"column":null}},"6":{"start":{"line":12,"column":59},"end":{"line":16,"column":8}}},"fnMap":{"0":{"name":"(anonymous_1)","decl":{"start":{"line":12,"column":18},"end":{"line":12,"column":23}},"loc":{"start":{"line":12,"column":59},"end":{"line":16,"column":8}}}},"branchMap":{},"s":{"0":0,"1":0,"2":0,"3":0,"4":0,"5":0,"6":0},"f":{"0":0},"b":{}}
,"/Users/sahiltyagi/CascadeProjects/jk-tech/src/documents/documents.module.ts": {"path":"/Users/sahiltyagi/CascadeProjects/jk-tech/src/documents/documents.module.ts","statementMap":{"0":{"start":{"line":1,"column":0},"end":{"line":1,"column":40}},"1":{"start":{"line":4,"column":7},"end":{"line":4,"column":null}},"2":{"start":{"line":4,"column":13},"end":{"line":4,"column":28}},"3":{"start":{"line":4,"column":13},"end":{"line":4,"column":null}}},"fnMap":{},"branchMap":{},"s":{"0":0,"1":0,"2":0,"3":0},"f":{},"b":{}}
,"/Users/sahiltyagi/CascadeProjects/jk-tech/src/documents/enums/document-status.enum.ts": {"path":"/Users/sahiltyagi/CascadeProjects/jk-tech/src/documents/enums/document-status.enum.ts","statementMap":{"0":{"start":{"line":1,"column":0},"end":{"line":1,"column":null}},"1":{"start":{"line":2,"column":2},"end":{"line":2,"column":null}},"2":{"start":{"line":3,"column":2},"end":{"line":3,"column":null}},"3":{"start":{"line":4,"column":2},"end":{"line":4,"column":null}},"4":{"start":{"line":5,"column":2},"end":{"line":5,"column":null}}},"fnMap":{"0":{"name":"(anonymous_0)","decl":{"start":{"line":1,"column":0},"end":{"line":1,"column":12}},"loc":{"start":{"line":1,"column":26},"end":{"line":6,"column":1}}}},"branchMap":{"0":{"loc":{"start":{"line":1,"column":12},"end":{"line":1,"column":null}},"type":"binary-expr","locations":[{"start":{"line":1,"column":12},"end":{"line":1,"column":26}},{"start":{"line":1,"column":26},"end":{"line":1,"column":null}}]}},"s":{"0":2,"1":2,"2":2,"3":2,"4":2},"f":{"0":2},"b":{"0":[2,2]}}
,"/Users/sahiltyagi/CascadeProjects/jk-tech/src/documents/schemas/document.schema.ts": {"path":"/Users/sahiltyagi/CascadeProjects/jk-tech/src/documents/schemas/document.schema.ts","statementMap":{"0":{"start":{"line":1,"column":0},"end":{"line":1,"column":63}},"1":{"start":{"line":2,"column":0},"end":{"line":2,"column":89}},"2":{"start":{"line":3,"column":0},"end":{"line":3,"column":87}},"3":{"start":{"line":4,"column":0},"end":{"line":4,"column":63}},"4":{"start":{"line":49,"column":7},"end":{"line":138,"column":null}},"5":{"start":{"line":49,"column":13},"end":{"line":49,"column":26}},"6":{"start":{"line":51,"column":2},"end":{"line":51,"column":null}},"7":{"start":{"line":54,"column":2},"end":{"line":54,"column":null}},"8":{"start":{"line":61,"column":2},"end":{"line":61,"column":null}},"9":{"start":{"line":67,"column":2},"end":{"line":67,"column":null}},"10":{"start":{"line":73,"column":2},"end":{"line":73,"column":null}},"11":{"start":{"line":83,"column":2},"end":{"line":87,"column":null}},"12":{"start":{"line":90,"column":2},"end":{"line":90,"column":null}},"13":{"start":{"line":97,"column":2},"end":{"line":97,"column":null}},"14":{"start":{"line":100,"column":2},"end":{"line":100,"column":null}},"15":{"start":{"line":103,"column":2},"end":{"line":103,"column":null}},"16":{"start":{"line":106,"column":2},"end":{"line":106,"column":null}},"17":{"start":{"line":109,"column":2},"end":{"line":109,"column":null}},"18":{"start":{"line":112,"column":2},"end":{"line":112,"column":null}},"19":{"start":{"line":118,"column":2},"end":{"line":121,"column":null}},"20":{"start":{"line":127,"column":2},"end":{"line":130,"column":null}},"21":{"start":{"line":133,"column":2},"end":{"line":133,"column":null}},"22":{"start":{"line":49,"column":13},"end":{"line":138,"column":null}},"23":{"start":{"line":141,"column":13},"end":{"line":141,"column":74}},"24":{"start":{"line":144,"column":0},"end":{"line":144,"column":83}},"25":{"start":{"line":145,"column":0},"end":{"line":145,"column":68}},"26":{"start":{"line":146,"column":0},"end":{"line":146,"column":70}},"27":{"start":{"line":147,"column":0},"end":{"line":147,"column":62}},"28":{"start":{"line":148,"column":0},"end":{"line":148,"column":74}},"29":{"start":{"line":151,"column":0},"end":{"line":153,"column":2}},"30":{"start":{"line":152,"column":2},"end":{"line":152,"column":52}},"31":{"start":{"line":155,"column":0},"end":{"line":157,"column":2}},"32":{"start":{"line":156,"column":2},"end":{"line":156,"column":42}},"33":{"start":{"line":159,"column":0},"end":{"line":161,"column":2}},"34":{"start":{"line":160,"column":2},"end":{"line":160,"column":31}},"35":{"start":{"line":163,"column":0},"end":{"line":165,"column":2}},"36":{"start":{"line":164,"column":2},"end":{"line":164,"column":29}},"37":{"start":{"line":167,"column":0},"end":{"line":169,"column":2}},"38":{"start":{"line":168,"column":2},"end":{"line":168,"column":34}},"39":{"start":{"line":171,"column":0},"end":{"line":173,"column":2}},"40":{"start":{"line":172,"column":2},"end":{"line":172,"column":33}},"41":{"start":{"line":175,"column":0},"end":{"line":177,"column":2}},"42":{"start":{"line":176,"column":2},"end":{"line":176,"column":32}},"43":{"start":{"line":179,"column":0},"end":{"line":181,"column":2}},"44":{"start":{"line":180,"column":2},"end":{"line":180,"column":43}},"45":{"start":{"line":183,"column":0},"end":{"line":185,"column":2}},"46":{"start":{"line":184,"column":2},"end":{"line":184,"column":67}},"47":{"start":{"line":187,"column":0},"end":{"line":189,"column":2}},"48":{"start":{"line":188,"column":2},"end":{"line":188,"column":49}},"49":{"start":{"line":191,"column":0},"end":{"line":193,"column":2}},"50":{"start":{"line":192,"column":2},"end":{"line":192,"column":82}},"51":{"start":{"line":195,"column":0},"end":{"line":197,"column":2}},"52":{"start":{"line":196,"column":2},"end":{"line":196,"column":78}},"53":{"start":{"line":216,"column":13},"end":{"line":221,"column":3}}},"fnMap":{"0":{"name":"(anonymous_2)","decl":{"start":{"line":151,"column":39},"end":{"line":151,"column":44}},"loc":{"start":{"line":151,"column":69},"end":{"line":153,"column":1}}},"1":{"name":"(anonymous_3)","decl":{"start":{"line":155,"column":36},"end":{"line":155,"column":41}},"loc":{"start":{"line":155,"column":73},"end":{"line":157,"column":1}}},"2":{"name":"(anonymous_4)","decl":{"start":{"line":159,"column":38},"end":{"line":159,"column":43}},"loc":{"start":{"line":159,"column":67},"end":{"line":161,"column":1}}},"3":{"name":"(anonymous_5)","decl":{"start":{"line":163,"column":36},"end":{"line":163,"column":41}},"loc":{"start":{"line":163,"column":63},"end":{"line":165,"column":1}}},"4":{"name":"(anonymous_6)","decl":{"start":{"line":167,"column":35},"end":{"line":167,"column":40}},"loc":{"start":{"line":167,"column":61},"end":{"line":169,"column":1}}},"5":{"name":"(anonymous_7)","decl":{"start":{"line":171,"column":38},"end":{"line":171,"column":43}},"loc":{"start":{"line":171,"column":70},"end":{"line":173,"column":1}}},"6":{"name":"(anonymous_8)","decl":{"start":{"line":175,"column":39},"end":{"line":175,"column":44}},"loc":{"start":{"line":175,"column":69},"end":{"line":177,"column":1}}},"7":{"name":"(anonymous_9)","decl":{"start":{"line":179,"column":42},"end":{"line":179,"column":47}},"loc":{"start":{"line":179,"column":79},"end":{"line":181,"column":1}}},"8":{"name":"(anonymous_10)","decl":{"start":{"line":183,"column":41},"end":{"line":183,"column":46}},"loc":{"start":{"line":183,"column":78},"end":{"line":185,"column":1}}},"9":{"name":"(anonymous_11)","decl":{"start":{"line":187,"column":36},"end":{"line":187,"column":41}},"loc":{"start":{"line":187,"column":63},"end":{"line":189,"column":1}}},"10":{"name":"(anonymous_12)","decl":{"start":{"line":191,"column":40},"end":{"line":191,"column":45}},"loc":{"start":{"line":191,"column":81},"end":{"line":193,"column":1}}},"11":{"name":"(anonymous_13)","decl":{"start":{"line":195,"column":43},"end":{"line":195,"column":48}},"loc":{"start":{"line":195,"column":84},"end":{"line":197,"column":1}}}},"branchMap":{},"s":{"0":0,"1":0,"2":0,"3":0,"4":0,"5":0,"6":0,"7":0,"8":0,"9":0,"10":0,"11":0,"12":0,"13":0,"14":0,"15":0,"16":0,"17":0,"18":0,"19":0,"20":0,"21":0,"22":0,"23":0,"24":0,"25":0,"26":0,"27":0,"28":0,"29":0,"30":0,"31":0,"32":0,"33":0,"34":0,"35":0,"36":0,"37":0,"38":0,"39":0,"40":0,"41":0,"42":0,"43":0,"44":0,"45":0,"46":0,"47":0,"48":0,"49":0,"50":0,"51":0,"52":0,"53":0},"f":{"0":0,"1":0,"2":0,"3":0,"4":0,"5":0,"6":0,"7":0,"8":0,"9":0,"10":0,"11":0},"b":{}}
,"/Users/sahiltyagi/CascadeProjects/jk-tech/src/ingestion/ingestion.controller.ts": {"path":"/Users/sahiltyagi/CascadeProjects/jk-tech/src/ingestion/ingestion.controller.ts","statementMap":{"0":{"start":{"line":1,"column":0},"end":{"line":1,"column":88}},"1":{"start":{"line":2,"column":0},"end":{"line":2,"column":84}},"2":{"start":{"line":3,"column":0},"end":{"line":3,"column":61}},"3":{"start":{"line":4,"column":0},"end":{"line":4,"column":72}},"4":{"start":{"line":11,"column":7},"end":{"line":47,"column":null}},"5":{"start":{"line":12,"column":31},"end":{"line":12,"column":49}},"6":{"start":{"line":23,"column":4},"end":{"line":23,"column":74}},"7":{"start":{"line":24,"column":4},"end":{"line":24,"column":59}},"8":{"start":{"line":32,"column":4},"end":{"line":32,"column":64}},"9":{"start":{"line":40,"column":4},"end":{"line":45,"column":6}},"10":{"start":{"line":11,"column":13},"end":{"line":11,"column":32}},"11":{"start":{"line":19,"column":8},"end":{"line":25,"column":null}},"12":{"start":{"line":31,"column":8},"end":{"line":33,"column":null}},"13":{"start":{"line":38,"column":8},"end":{"line":46,"column":null}},"14":{"start":{"line":11,"column":13},"end":{"line":47,"column":null}}},"fnMap":{"0":{"name":"(anonymous_4)","decl":{"start":{"line":12,"column":2},"end":{"line":12,"column":31}},"loc":{"start":{"line":12,"column":65},"end":{"line":12,"column":69}}},"1":{"name":"(anonymous_5)","decl":{"start":{"line":19,"column":2},"end":{"line":19,"column":7}},"loc":{"start":{"line":21,"column":18},"end":{"line":25,"column":3}}},"2":{"name":"(anonymous_6)","decl":{"start":{"line":31,"column":2},"end":{"line":31,"column":7}},"loc":{"start":{"line":31,"column":66},"end":{"line":33,"column":3}}},"3":{"name":"(anonymous_7)","decl":{"start":{"line":38,"column":2},"end":{"line":38,"column":7}},"loc":{"start":{"line":38,"column":19},"end":{"line":46,"column":3}}}},"branchMap":{},"s":{"0":1,"1":1,"2":1,"3":1,"4":1,"5":3,"6":1,"7":0,"8":1,"9":0,"10":1,"11":1,"12":1,"13":1,"14":1},"f":{"0":3,"1":1,"2":1,"3":0},"b":{}}
,"/Users/sahiltyagi/CascadeProjects/jk-tech/src/ingestion/ingestion.module.ts": {"path":"/Users/sahiltyagi/CascadeProjects/jk-tech/src/ingestion/ingestion.module.ts","statementMap":{"0":{"start":{"line":1,"column":0},"end":{"line":1,"column":40}},"1":{"start":{"line":2,"column":0},"end":{"line":2,"column":50}},"2":{"start":{"line":3,"column":0},"end":{"line":3,"column":61}},"3":{"start":{"line":4,"column":0},"end":{"line":4,"column":40}},"4":{"start":{"line":5,"column":0},"end":{"line":5,"column":61}},"5":{"start":{"line":6,"column":0},"end":{"line":6,"column":55}},"6":{"start":{"line":7,"column":0},"end":{"line":7,"column":70}},"7":{"start":{"line":8,"column":0},"end":{"line":8,"column":59}},"8":{"start":{"line":9,"column":0},"end":{"line":9,"column":39}},"9":{"start":{"line":10,"column":0},"end":{"line":10,"column":49}},"10":{"start":{"line":78,"column":7},"end":{"line":78,"column":null}},"11":{"start":{"line":78,"column":13},"end":{"line":78,"column":28}},"12":{"start":{"line":78,"column":13},"end":{"line":78,"column":null}},"13":{"start":{"line":29,"column":34},"end":{"line":29,"column":39}},"14":{"start":{"line":34,"column":34},"end":{"line":34,"column":39}},"15":{"start":{"line":40,"column":8},"end":{"line":45,"column":11}},"16":{"start":{"line":53,"column":22},"end":{"line":58,"column":10}},"17":{"start":{"line":59,"column":8},"end":{"line":72,"column":11}},"18":{"start":{"line":60,"column":41},"end":{"line":60,"column":49}},"19":{"start":{"line":61,"column":10},"end":{"line":61,"column":76}}},"fnMap":{"0":{"name":"(anonymous_1)","decl":{"start":{"line":29,"column":18},"end":{"line":29,"column":19}},"loc":{"start":{"line":29,"column":34},"end":{"line":29,"column":39}}},"1":{"name":"(anonymous_2)","decl":{"start":{"line":34,"column":18},"end":{"line":34,"column":19}},"loc":{"start":{"line":34,"column":34},"end":{"line":34,"column":39}}},"2":{"name":"(anonymous_3)","decl":{"start":{"line":39,"column":18},"end":{"line":39,"column":23}},"loc":{"start":{"line":39,"column":57},"end":{"line":46,"column":7}}},"3":{"name":"(anonymous_4)","decl":{"start":{"line":52,"column":18},"end":{"line":52,"column":23}},"loc":{"start":{"line":52,"column":93},"end":{"line":73,"column":7}}},"4":{"name":"(anonymous_5)","decl":{"start":{"line":59,"column":48},"end":{"line":59,"column":53}},"loc":{"start":{"line":59,"column":62},"end":{"line":62,"column":9}}}},"branchMap":{},"s":{"0":0,"1":0,"2":0,"3":0,"4":0,"5":0,"6":0,"7":0,"8":0,"9":0,"10":0,"11":0,"12":0,"13":0,"14":0,"15":0,"16":0,"17":0,"18":0,"19":0},"f":{"0":0,"1":0,"2":0,"3":0,"4":0},"b":{}}
,"/Users/sahiltyagi/CascadeProjects/jk-tech/src/ingestion/ingestion.service.ts": {"path":"/Users/sahiltyagi/CascadeProjects/jk-tech/src/ingestion/ingestion.service.ts","statementMap":{"0":{"start":{"line":1,"column":0},"end":{"line":1,"column":87}},"1":{"start":{"line":5,"column":0},"end":{"line":5,"column":47}},"2":{"start":{"line":6,"column":0},"end":{"line":6,"column":31}},"3":{"start":{"line":7,"column":0},"end":{"line":7,"column":73}},"4":{"start":{"line":16,"column":29},"end":{"line":228,"column":null}},"5":{"start":{"line":21,"column":47},"end":{"line":21,"column":65}},"6":{"start":{"line":22,"column":43},"end":{"line":22,"column":57}},"7":{"start":{"line":23,"column":21},"end":{"line":23,"column":36}},"8":{"start":{"line":24,"column":48},"end":{"line":24,"column":55}},"9":{"start":{"line":17,"column":19},"end":{"line":17,"column":62}},"10":{"start":{"line":18,"column":19},"end":{"line":18,"column":34}},"11":{"start":{"line":28,"column":4},"end":{"line":84,"column":5}},"12":{"start":{"line":29,"column":23},"end":{"line":31,"column":15}},"13":{"start":{"line":33,"column":6},"end":{"line":35,"column":7}},"14":{"start":{"line":34,"column":8},"end":{"line":34,"column":76}},"15":{"start":{"line":38,"column":6},"end":{"line":40,"column":7}},"16":{"start":{"line":39,"column":8},"end":{"line":39,"column":107}},"17":{"start":{"line":43,"column":25},"end":{"line":47,"column":14}},"18":{"start":{"line":49,"column":6},"end":{"line":51,"column":7}},"19":{"start":{"line":50,"column":8},"end":{"line":50,"column":102}},"20":{"start":{"line":54,"column":6},"end":{"line":63,"column":9}},"21":{"start":{"line":65,"column":6},"end":{"line":65,"column":72}},"22":{"start":{"line":68,"column":6},"end":{"line":68,"column":73}},"23":{"start":{"line":71,"column":6},"end":{"line":81,"column":7}},"24":{"start":{"line":72,"column":8},"end":{"line":78,"column":17}},"25":{"start":{"line":80,"column":8},"end":{"line":80,"column":98}},"26":{"start":{"line":83,"column":6},"end":{"line":83,"column":18}},"27":{"start":{"line":88,"column":4},"end":{"line":146,"column":5}},"28":{"start":{"line":89,"column":23},"end":{"line":89,"column":75}},"29":{"start":{"line":90,"column":6},"end":{"line":92,"column":7}},"30":{"start":{"line":91,"column":8},"end":{"line":91,"column":76}},"31":{"start":{"line":95,"column":6},"end":{"line":97,"column":7}},"32":{"start":{"line":96,"column":8},"end":{"line":96,"column":92}},"33":{"start":{"line":100,"column":6},"end":{"line":104,"column":15}},"34":{"start":{"line":109,"column":6},"end":{"line":109,"column":62}},"35":{"start":{"line":109,"column":35},"end":{"line":109,"column":60}},"36":{"start":{"line":112,"column":25},"end":{"line":120,"column":14}},"37":{"start":{"line":122,"column":6},"end":{"line":124,"column":7}},"38":{"start":{"line":123,"column":8},"end":{"line":123,"column":102}},"39":{"start":{"line":126,"column":6},"end":{"line":126,"column":71}},"40":{"start":{"line":129,"column":6},"end":{"line":129,"column":86}},"41":{"start":{"line":132,"column":6},"end":{"line":143,"column":7}},"42":{"start":{"line":133,"column":8},"end":{"line":140,"column":17}},"43":{"start":{"line":142,"column":8},"end":{"line":142,"column":109}},"44":{"start":{"line":145,"column":6},"end":{"line":145,"column":18}},"45":{"start":{"line":150,"column":21},"end":{"line":150,"column":73}},"46":{"start":{"line":151,"column":4},"end":{"line":153,"column":5}},"47":{"start":{"line":152,"column":6},"end":{"line":152,"column":74}},"48":{"start":{"line":155,"column":4},"end":{"line":159,"column":6}},"49":{"start":{"line":163,"column":4},"end":{"line":188,"column":5}},"50":{"start":{"line":164,"column":23},"end":{"line":166,"column":15}},"51":{"start":{"line":168,"column":6},"end":{"line":170,"column":7}},"52":{"start":{"line":169,"column":8},"end":{"line":169,"column":76}},"53":{"start":{"line":173,"column":6},"end":{"line":175,"column":7}},"54":{"start":{"line":174,"column":8},"end":{"line":174,"column":107}},"55":{"start":{"line":178,"column":6},"end":{"line":180,"column":7}},"56":{"start":{"line":179,"column":8},"end":{"line":179,"column":105}},"57":{"start":{"line":183,"column":6},"end":{"line":183,"column":54}},"58":{"start":{"line":186,"column":6},"end":{"line":186,"column":71}},"59":{"start":{"line":187,"column":6},"end":{"line":187,"column":18}},"60":{"start":{"line":192,"column":4},"end":{"line":226,"column":5}},"61":{"start":{"line":193,"column":23},"end":{"line":195,"column":15}},"62":{"start":{"line":197,"column":6},"end":{"line":199,"column":7}},"63":{"start":{"line":198,"column":8},"end":{"line":198,"column":76}},"64":{"start":{"line":202,"column":6},"end":{"line":204,"column":7}},"65":{"start":{"line":203,"column":8},"end":{"line":203,"column":107}},"66":{"start":{"line":207,"column":6},"end":{"line":209,"column":7}},"67":{"start":{"line":208,"column":8},"end":{"line":208,"column":102}},"68":{"start":{"line":212,"column":6},"end":{"line":219,"column":15}},"69":{"start":{"line":221,"column":6},"end":{"line":221,"column":72}},"70":{"start":{"line":224,"column":6},"end":{"line":224,"column":72}},"71":{"start":{"line":225,"column":6},"end":{"line":225,"column":18}},"72":{"start":{"line":16,"column":13},"end":{"line":16,"column":29}},"73":{"start":{"line":16,"column":13},"end":{"line":228,"column":null}}},"fnMap":{"0":{"name":"(anonymous_4)","decl":{"start":{"line":20,"column":2},"end":{"line":20,"column":null}},"loc":{"start":{"line":24,"column":60},"end":{"line":25,"column":6}}},"1":{"name":"(anonymous_5)","decl":{"start":{"line":27,"column":2},"end":{"line":27,"column":7}},"loc":{"start":{"line":27,"column":59},"end":{"line":85,"column":3}}},"2":{"name":"(anonymous_6)","decl":{"start":{"line":87,"column":2},"end":{"line":87,"column":7}},"loc":{"start":{"line":87,"column":58},"end":{"line":147,"column":3}}},"3":{"name":"(anonymous_7)","decl":{"start":{"line":109,"column":24},"end":{"line":109,"column":31}},"loc":{"start":{"line":109,"column":35},"end":{"line":109,"column":60}}},"4":{"name":"(anonymous_8)","decl":{"start":{"line":149,"column":2},"end":{"line":149,"column":7}},"loc":{"start":{"line":149,"column":45},"end":{"line":160,"column":3}}},"5":{"name":"(anonymous_9)","decl":{"start":{"line":162,"column":2},"end":{"line":162,"column":7}},"loc":{"start":{"line":162,"column":57},"end":{"line":189,"column":3}}},"6":{"name":"(anonymous_10)","decl":{"start":{"line":191,"column":2},"end":{"line":191,"column":7}},"loc":{"start":{"line":191,"column":58},"end":{"line":227,"column":3}}}},"branchMap":{"0":{"loc":{"start":{"line":33,"column":6},"end":{"line":35,"column":7}},"type":"if","locations":[{"start":{"line":33,"column":6},"end":{"line":35,"column":7}}]},"1":{"loc":{"start":{"line":38,"column":6},"end":{"line":40,"column":7}},"type":"if","locations":[{"start":{"line":38,"column":6},"end":{"line":40,"column":7}}]},"2":{"loc":{"start":{"line":49,"column":6},"end":{"line":51,"column":7}},"type":"if","locations":[{"start":{"line":49,"column":6},"end":{"line":51,"column":7}}]},"3":{"loc":{"start":{"line":90,"column":6},"end":{"line":92,"column":7}},"type":"if","locations":[{"start":{"line":90,"column":6},"end":{"line":92,"column":7}}]},"4":{"loc":{"start":{"line":95,"column":6},"end":{"line":97,"column":7}},"type":"if","locations":[{"start":{"line":95,"column":6},"end":{"line":97,"column":7}}]},"5":{"loc":{"start":{"line":122,"column":6},"end":{"line":124,"column":7}},"type":"if","locations":[{"start":{"line":122,"column":6},"end":{"line":124,"column":7}}]},"6":{"loc":{"start":{"line":151,"column":4},"end":{"line":153,"column":5}},"type":"if","locations":[{"start":{"line":151,"column":4},"end":{"line":153,"column":5}}]},"7":{"loc":{"start":{"line":158,"column":13},"end":{"line":158,"column":40}},"type":"binary-expr","locations":[{"start":{"line":158,"column":13},"end":{"line":158,"column":27}},{"start":{"line":158,"column":31},"end":{"line":158,"column":40}}]},"8":{"loc":{"start":{"line":168,"column":6},"end":{"line":170,"column":7}},"type":"if","locations":[{"start":{"line":168,"column":6},"end":{"line":170,"column":7}}]},"9":{"loc":{"start":{"line":173,"column":6},"end":{"line":175,"column":7}},"type":"if","locations":[{"start":{"line":173,"column":6},"end":{"line":175,"column":7}}]},"10":{"loc":{"start":{"line":178,"column":6},"end":{"line":180,"column":7}},"type":"if","locations":[{"start":{"line":178,"column":6},"end":{"line":180,"column":7}}]},"11":{"loc":{"start":{"line":197,"column":6},"end":{"line":199,"column":7}},"type":"if","locations":[{"start":{"line":197,"column":6},"end":{"line":199,"column":7}}]},"12":{"loc":{"start":{"line":202,"column":6},"end":{"line":204,"column":7}},"type":"if","locations":[{"start":{"line":202,"column":6},"end":{"line":204,"column":7}}]},"13":{"loc":{"start":{"line":207,"column":6},"end":{"line":209,"column":7}},"type":"if","locations":[{"start":{"line":207,"column":6},"end":{"line":209,"column":7}}]}},"s":{"0":2,"1":2,"2":2,"3":2,"4":2,"5":0,"6":0,"7":0,"8":0,"9":0,"10":0,"11":0,"12":0,"13":0,"14":0,"15":0,"16":0,"17":0,"18":0,"19":0,"20":0,"21":0,"22":0,"23":0,"24":0,"25":0,"26":0,"27":0,"28":0,"29":0,"30":0,"31":0,"32":0,"33":0,"34":0,"35":0,"36":0,"37":0,"38":0,"39":0,"40":0,"41":0,"42":0,"43":0,"44":0,"45":0,"46":0,"47":0,"48":0,"49":0,"50":0,"51":0,"52":0,"53":0,"54":0,"55":0,"56":0,"57":0,"58":0,"59":0,"60":0,"61":0,"62":0,"63":0,"64":0,"65":0,"66":0,"67":0,"68":0,"69":0,"70":0,"71":0,"72":2,"73":2},"f":{"0":0,"1":0,"2":0,"3":0,"4":0,"5":0,"6":0},"b":{"0":[0],"1":[0],"2":[0],"3":[0],"4":[0],"5":[0],"6":[0],"7":[0,0],"8":[0],"9":[0],"10":[0],"11":[0],"12":[0],"13":[0]}}
,"/Users/sahiltyagi/CascadeProjects/jk-tech/src/users/user.roles.ts": {"path":"/Users/sahiltyagi/CascadeProjects/jk-tech/src/users/user.roles.ts","statementMap":{"0":{"start":{"line":1,"column":0},"end":{"line":1,"column":null}},"1":{"start":{"line":2,"column":2},"end":{"line":2,"column":null}},"2":{"start":{"line":3,"column":2},"end":{"line":3,"column":null}},"3":{"start":{"line":4,"column":2},"end":{"line":4,"column":null}}},"fnMap":{"0":{"name":"(anonymous_0)","decl":{"start":{"line":1,"column":0},"end":{"line":1,"column":12}},"loc":{"start":{"line":1,"column":20},"end":{"line":5,"column":1}}}},"branchMap":{"0":{"loc":{"start":{"line":1,"column":12},"end":{"line":1,"column":null}},"type":"binary-expr","locations":[{"start":{"line":1,"column":12},"end":{"line":1,"column":20}},{"start":{"line":1,"column":20},"end":{"line":1,"column":null}}]}},"s":{"0":3,"1":3,"2":3,"3":3},"f":{"0":3},"b":{"0":[3,3]}}
,"/Users/sahiltyagi/CascadeProjects/jk-tech/src/users/users.controller.ts": {"path":"/Users/sahiltyagi/CascadeProjects/jk-tech/src/users/users.controller.ts","statementMap":{"0":{"start":{"line":1,"column":0},"end":{"line":1,"column":171}},"1":{"start":{"line":2,"column":0},"end":{"line":2,"column":62}},"2":{"start":{"line":6,"column":4},"end":{"line":8,"column":5}},"3":{"start":{"line":7,"column":6},"end":{"line":7,"column":52}},"4":{"start":{"line":9,"column":4},"end":{"line":9,"column":17}},"5":{"start":{"line":12,"column":0},"end":{"line":12,"column":47}},"6":{"start":{"line":13,"column":0},"end":{"line":13,"column":54}},"7":{"start":{"line":14,"column":0},"end":{"line":14,"column":54}},"8":{"start":{"line":15,"column":0},"end":{"line":15,"column":94}},"9":{"start":{"line":16,"column":0},"end":{"line":16,"column":58}},"10":{"start":{"line":23,"column":7},"end":{"line":75,"column":null}},"11":{"start":{"line":24,"column":31},"end":{"line":24,"column":45}},"12":{"start":{"line":32,"column":17},"end":{"line":32,"column":62}},"13":{"start":{"line":33,"column":4},"end":{"line":33,"column":37}},"14":{"start":{"line":41,"column":18},"end":{"line":41,"column":51}},"15":{"start":{"line":42,"column":4},"end":{"line":42,"column":56}},"16":{"start":{"line":42,"column":29},"end":{"line":42,"column":54}},"17":{"start":{"line":52,"column":17},"end":{"line":52,"column":52}},"18":{"start":{"line":53,"column":4},"end":{"line":53,"column":37}},"19":{"start":{"line":63,"column":17},"end":{"line":63,"column":66}},"20":{"start":{"line":64,"column":4},"end":{"line":64,"column":37}},"21":{"start":{"line":73,"column":4},"end":{"line":73,"column":39}},"22":{"start":{"line":23,"column":13},"end":{"line":23,"column":28}},"23":{"start":{"line":31,"column":8},"end":{"line":34,"column":null}},"24":{"start":{"line":40,"column":8},"end":{"line":43,"column":null}},"25":{"start":{"line":51,"column":8},"end":{"line":54,"column":null}},"26":{"start":{"line":62,"column":8},"end":{"line":65,"column":null}},"27":{"start":{"line":72,"column":8},"end":{"line":74,"column":null}},"28":{"start":{"line":23,"column":13},"end":{"line":75,"column":null}}},"fnMap":{"0":{"name":"(anonymous_4)","decl":{"start":{"line":5,"column":2},"end":{"line":5,"column":11}},"loc":{"start":{"line":5,"column":25},"end":{"line":10,"column":3}}},"1":{"name":"(anonymous_5)","decl":{"start":{"line":24,"column":2},"end":{"line":24,"column":31}},"loc":{"start":{"line":24,"column":57},"end":{"line":24,"column":61}}},"2":{"name":"(anonymous_6)","decl":{"start":{"line":31,"column":2},"end":{"line":31,"column":7}},"loc":{"start":{"line":31,"column":51},"end":{"line":34,"column":3}}},"3":{"name":"(anonymous_7)","decl":{"start":{"line":40,"column":2},"end":{"line":40,"column":7}},"loc":{"start":{"line":40,"column":15},"end":{"line":43,"column":3}}},"4":{"name":"(anonymous_8)","decl":{"start":{"line":42,"column":21},"end":{"line":42,"column":25}},"loc":{"start":{"line":42,"column":29},"end":{"line":42,"column":54}}},"5":{"name":"(anonymous_9)","decl":{"start":{"line":51,"column":2},"end":{"line":51,"column":7}},"loc":{"start":{"line":51,"column":55},"end":{"line":54,"column":3}}},"6":{"name":"(anonymous_10)","decl":{"start":{"line":62,"column":2},"end":{"line":62,"column":7}},"loc":{"start":{"line":62,"column":92},"end":{"line":65,"column":3}}},"7":{"name":"(anonymous_11)","decl":{"start":{"line":72,"column":2},"end":{"line":72,"column":7}},"loc":{"start":{"line":72,"column":54},"end":{"line":74,"column":3}}}},"branchMap":{"0":{"loc":{"start":{"line":6,"column":4},"end":{"line":8,"column":5}},"type":"if","locations":[{"start":{"line":6,"column":4},"end":{"line":8,"column":5}}]}},"s":{"0":1,"1":1,"2":0,"3":0,"4":0,"5":1,"6":1,"7":1,"8":1,"9":1,"10":1,"11":1,"12":0,"13":0,"14":0,"15":0,"16":0,"17":0,"18":0,"19":0,"20":0,"21":0,"22":1,"23":1,"24":1,"25":1,"26":1,"27":1,"28":1},"f":{"0":0,"1":1,"2":0,"3":0,"4":0,"5":0,"6":0,"7":0},"b":{"0":[0]}}
,"/Users/sahiltyagi/CascadeProjects/jk-tech/src/users/users.module.ts": {"path":"/Users/sahiltyagi/CascadeProjects/jk-tech/src/users/users.module.ts","statementMap":{"0":{"start":{"line":1,"column":0},"end":{"line":1,"column":40}},"1":{"start":{"line":2,"column":0},"end":{"line":2,"column":50}},"2":{"start":{"line":3,"column":0},"end":{"line":3,"column":47}},"3":{"start":{"line":4,"column":0},"end":{"line":4,"column":53}},"4":{"start":{"line":5,"column":0},"end":{"line":5,"column":58}},"5":{"start":{"line":13,"column":7},"end":{"line":13,"column":null}},"6":{"start":{"line":13,"column":13},"end":{"line":13,"column":24}},"7":{"start":{"line":13,"column":13},"end":{"line":13,"column":null}}},"fnMap":{},"branchMap":{},"s":{"0":0,"1":0,"2":0,"3":0,"4":0,"5":0,"6":0,"7":0},"f":{},"b":{}}
,"/Users/sahiltyagi/CascadeProjects/jk-tech/src/users/users.service.ts": {"path":"/Users/sahiltyagi/CascadeProjects/jk-tech/src/users/users.service.ts","statementMap":{"0":{"start":{"line":1,"column":0},"end":{"line":1,"column":112}},"1":{"start":{"line":2,"column":0},"end":{"line":2,"column":47}},"2":{"start":{"line":3,"column":0},"end":{"line":3,"column":40}},"3":{"start":{"line":4,"column":0},"end":{"line":4,"column":60}},"4":{"start":{"line":7,"column":0},"end":{"line":7,"column":33}},"5":{"start":{"line":10,"column":7},"end":{"line":78,"column":null}},"6":{"start":{"line":13,"column":21},"end":{"line":13,"column":32}},"7":{"start":{"line":17,"column":60},"end":{"line":17,"column":73}},"8":{"start":{"line":20,"column":25},"end":{"line":20,"column":64}},"9":{"start":{"line":21,"column":4},"end":{"line":23,"column":5}},"10":{"start":{"line":22,"column":6},"end":{"line":22,"column":73}},"11":{"start":{"line":25,"column":17},"end":{"line":31,"column":6}},"12":{"start":{"line":33,"column":4},"end":{"line":41,"column":5}},"13":{"start":{"line":34,"column":24},"end":{"line":34,"column":41}},"14":{"start":{"line":36,"column":22},"end":{"line":36,"column":42}},"15":{"start":{"line":37,"column":6},"end":{"line":37,"column":30}},"16":{"start":{"line":38,"column":6},"end":{"line":38,"column":21}},"17":{"start":{"line":40,"column":6},"end":{"line":40,"column":68}},"18":{"start":{"line":45,"column":18},"end":{"line":45,"column":65}},"19":{"start":{"line":46,"column":4},"end":{"line":46,"column":46}},"20":{"start":{"line":46,"column":29},"end":{"line":46,"column":44}},"21":{"start":{"line":50,"column":17},"end":{"line":50,"column":53}},"22":{"start":{"line":51,"column":4},"end":{"line":53,"column":5}},"23":{"start":{"line":52,"column":6},"end":{"line":52,"column":66}},"24":{"start":{"line":54,"column":4},"end":{"line":54,"column":27}},"25":{"start":{"line":60,"column":4},"end":{"line":60,"column":51}},"26":{"start":{"line":64,"column":4},"end":{"line":64,"column":108}},"27":{"start":{"line":68,"column":17},"end":{"line":68,"column":92}},"28":{"start":{"line":69,"column":4},"end":{"line":71,"column":5}},"29":{"start":{"line":70,"column":6},"end":{"line":70,"column":66}},"30":{"start":{"line":72,"column":4},"end":{"line":72,"column":27}},"31":{"start":{"line":76,"column":4},"end":{"line":76,"column":50}},"32":{"start":{"line":10,"column":13},"end":{"line":10,"column":25}},"33":{"start":{"line":10,"column":13},"end":{"line":78,"column":null}}},"fnMap":{"0":{"name":"(anonymous_4)","decl":{"start":{"line":11,"column":2},"end":{"line":11,"column":null}},"loc":{"start":{"line":13,"column":51},"end":{"line":14,"column":6}}},"1":{"name":"(anonymous_5)","decl":{"start":{"line":16,"column":2},"end":{"line":16,"column":7}},"loc":{"start":{"line":16,"column":43},"end":{"line":42,"column":3}}},"2":{"name":"(anonymous_6)","decl":{"start":{"line":44,"column":2},"end":{"line":44,"column":7}},"loc":{"start":{"line":44,"column":15},"end":{"line":47,"column":3}}},"3":{"name":"(anonymous_7)","decl":{"start":{"line":46,"column":21},"end":{"line":46,"column":25}},"loc":{"start":{"line":46,"column":29},"end":{"line":46,"column":44}}},"4":{"name":"(anonymous_8)","decl":{"start":{"line":49,"column":2},"end":{"line":49,"column":7}},"loc":{"start":{"line":49,"column":26},"end":{"line":55,"column":3}}},"5":{"name":"(anonymous_9)","decl":{"start":{"line":57,"column":2},"end":{"line":57,"column":7}},"loc":{"start":{"line":57,"column":36},"end":{"line":61,"column":3}}},"6":{"name":"(anonymous_10)","decl":{"start":{"line":63,"column":2},"end":{"line":63,"column":7}},"loc":{"start":{"line":63,"column":48},"end":{"line":65,"column":3}}},"7":{"name":"(anonymous_11)","decl":{"start":{"line":67,"column":2},"end":{"line":67,"column":7}},"loc":{"start":{"line":67,"column":55},"end":{"line":73,"column":3}}},"8":{"name":"(anonymous_12)","decl":{"start":{"line":75,"column":2},"end":{"line":75,"column":7}},"loc":{"start":{"line":75,"column":25},"end":{"line":77,"column":3}}}},"branchMap":{"0":{"loc":{"start":{"line":21,"column":4},"end":{"line":23,"column":5}},"type":"if","locations":[{"start":{"line":21,"column":4},"end":{"line":23,"column":5}}]},"1":{"loc":{"start":{"line":51,"column":4},"end":{"line":53,"column":5}},"type":"if","locations":[{"start":{"line":51,"column":4},"end":{"line":53,"column":5}}]},"2":{"loc":{"start":{"line":69,"column":4},"end":{"line":71,"column":5}},"type":"if","locations":[{"start":{"line":69,"column":4},"end":{"line":71,"column":5}}]}},"s":{"0":3,"1":3,"2":3,"3":3,"4":3,"5":3,"6":2,"7":0,"8":0,"9":0,"10":0,"11":0,"12":0,"13":0,"14":0,"15":0,"16":0,"17":0,"18":0,"19":0,"20":0,"21":0,"22":0,"23":0,"24":0,"25":0,"26":0,"27":0,"28":0,"29":0,"30":0,"31":0,"32":3,"33":3},"f":{"0":2,"1":0,"2":0,"3":0,"4":0,"5":0,"6":0,"7":0,"8":0},"b":{"0":[0],"1":[0],"2":[0]}}
,"/Users/sahiltyagi/CascadeProjects/jk-tech/src/users/dto/create-user.dto.ts": {"path":"/Users/sahiltyagi/CascadeProjects/jk-tech/src/users/dto/create-user.dto.ts","statementMap":{"0":{"start":{"line":2,"column":0},"end":{"line":2,"column":46}},"1":{"start":{"line":3,"column":0},"end":{"line":3,"column":106}},"2":{"start":{"line":4,"column":0},"end":{"line":4,"column":61}},"3":{"start":{"line":6,"column":0},"end":{"line":6,"column":13}},"4":{"start":{"line":12,"column":2},"end":{"line":12,"column":null}},"5":{"start":{"line":21,"column":2},"end":{"line":21,"column":null}},"6":{"start":{"line":34,"column":2},"end":{"line":34,"column":null}},"7":{"start":{"line":39,"column":2},"end":{"line":39,"column":null}},"8":{"start":{"line":44,"column":2},"end":{"line":44,"column":null}}},"fnMap":{},"branchMap":{},"s":{"0":1,"1":1,"2":1,"3":1,"4":1,"5":1,"6":1,"7":1,"8":1},"f":{},"b":{}}
,"/Users/sahiltyagi/CascadeProjects/jk-tech/src/users/dto/update-user.dto.ts": {"path":"/Users/sahiltyagi/CascadeProjects/jk-tech/src/users/dto/update-user.dto.ts","statementMap":{"0":{"start":{"line":2,"column":0},"end":{"line":2,"column":54}},"1":{"start":{"line":3,"column":0},"end":{"line":3,"column":106}},"2":{"start":{"line":4,"column":0},"end":{"line":4,"column":61}},"3":{"start":{"line":6,"column":0},"end":{"line":6,"column":13}},"4":{"start":{"line":10,"column":2},"end":{"line":10,"column":null}},"5":{"start":{"line":20,"column":2},"end":{"line":20,"column":null}},"6":{"start":{"line":32,"column":2},"end":{"line":32,"column":null}},"7":{"start":{"line":37,"column":2},"end":{"line":37,"column":null}},"8":{"start":{"line":42,"column":2},"end":{"line":42,"column":null}},"9":{"start":{"line":46,"column":2},"end":{"line":46,"column":null}}},"fnMap":{},"branchMap":{},"s":{"0":1,"1":1,"2":1,"3":1,"4":1,"5":1,"6":1,"7":1,"8":1,"9":1},"f":{},"b":{}}
,"/Users/sahiltyagi/CascadeProjects/jk-tech/src/users/dto/user-response.dto.ts": {"path":"/Users/sahiltyagi/CascadeProjects/jk-tech/src/users/dto/user-response.dto.ts","statementMap":{"0":{"start":{"line":2,"column":0},"end":{"line":2,"column":67}},"1":{"start":{"line":3,"column":0},"end":{"line":3,"column":61}},"2":{"start":{"line":4,"column":0},"end":{"line":4,"column":44}},"3":{"start":{"line":32,"column":4},"end":{"line":32,"column":33}},"4":{"start":{"line":6,"column":0},"end":{"line":6,"column":13}},"5":{"start":{"line":8,"column":2},"end":{"line":8,"column":null}},"6":{"start":{"line":11,"column":2},"end":{"line":11,"column":null}},"7":{"start":{"line":14,"column":2},"end":{"line":14,"column":null}},"8":{"start":{"line":17,"column":2},"end":{"line":17,"column":null}},"9":{"start":{"line":20,"column":2},"end":{"line":20,"column":null}},"10":{"start":{"line":23,"column":2},"end":{"line":23,"column":null}},"11":{"start":{"line":26,"column":2},"end":{"line":26,"column":null}},"12":{"start":{"line":29,"column":2},"end":{"line":29,"column":null}},"13":{"start":{"line":36,"column":2},"end":{"line":36,"column":null}}},"fnMap":{"0":{"name":"(anonymous_2)","decl":{"start":{"line":31,"column":2},"end":{"line":31,"column":14}},"loc":{"start":{"line":31,"column":47},"end":{"line":33,"column":3}}}},"branchMap":{},"s":{"0":2,"1":2,"2":2,"3":0,"4":2,"5":2,"6":2,"7":2,"8":2,"9":2,"10":2,"11":2,"12":2,"13":2},"f":{"0":0},"b":{}}
,"/Users/sahiltyagi/CascadeProjects/jk-tech/src/users/entities/user.entity.ts": {"path":"/Users/sahiltyagi/CascadeProjects/jk-tech/src/users/entities/user.entity.ts","statementMap":{"0":{"start":{"line":2,"column":0},"end":{"line":2,"column":44}},"1":{"start":{"line":3,"column":0},"end":{"line":3,"column":41}},"2":{"start":{"line":4,"column":0},"end":{"line":4,"column":33}},"3":{"start":{"line":19,"column":0},"end":{"line":19,"column":36}},"4":{"start":{"line":21,"column":13},"end":{"line":29,"column":25}},"5":{"start":{"line":32,"column":0},"end":{"line":37,"column":3}},"6":{"start":{"line":33,"column":2},"end":{"line":35,"column":3}},"7":{"start":{"line":34,"column":4},"end":{"line":34,"column":23}},"8":{"start":{"line":36,"column":2},"end":{"line":36,"column":9}},"9":{"start":{"line":41,"column":0},"end":{"line":46,"column":3}},"10":{"start":{"line":42,"column":2},"end":{"line":42,"column":50}},"11":{"start":{"line":42,"column":36},"end":{"line":42,"column":50}},"12":{"start":{"line":43,"column":21},"end":{"line":43,"column":23}},"13":{"start":{"line":44,"column":2},"end":{"line":44,"column":63}},"14":{"start":{"line":45,"column":2},"end":{"line":45,"column":9}},"15":{"start":{"line":60,"column":4},"end":{"line":60,"column":51}},"16":{"start":{"line":48,"column":0},"end":{"line":48,"column":13}}},"fnMap":{"0":{"name":"(anonymous_0)","decl":{"start":{"line":32,"column":23},"end":{"line":32,"column":32}},"loc":{"start":{"line":32,"column":36},"end":{"line":37,"column":1}}},"1":{"name":"(anonymous_1)","decl":{"start":{"line":41,"column":23},"end":{"line":41,"column":28}},"loc":{"start":{"line":41,"column":42},"end":{"line":46,"column":1}}},"2":{"name":"(anonymous_2)","decl":{"start":{"line":59,"column":2},"end":{"line":59,"column":7}},"loc":{"start":{"line":59,"column":41},"end":{"line":61,"column":3}}}},"branchMap":{"0":{"loc":{"start":{"line":33,"column":2},"end":{"line":35,"column":3}},"type":"if","locations":[{"start":{"line":33,"column":2},"end":{"line":35,"column":3}}]},"1":{"loc":{"start":{"line":42,"column":2},"end":{"line":42,"column":50}},"type":"if","locations":[{"start":{"line":42,"column":2},"end":{"line":42,"column":50}}]}},"s":{"0":3,"1":3,"2":3,"3":3,"4":3,"5":3,"6":0,"7":0,"8":0,"9":3,"10":0,"11":0,"12":0,"13":0,"14":0,"15":0,"16":3},"f":{"0":0,"1":0,"2":0},"b":{"0":[0],"1":[0]}}
,"/Users/sahiltyagi/CascadeProjects/jk-tech/src/users/schemas/user.schema.ts": {"path":"/Users/sahiltyagi/CascadeProjects/jk-tech/src/users/schemas/user.schema.ts","statementMap":{"0":{"start":{"line":1,"column":0},"end":{"line":1,"column":63}},"1":{"start":{"line":3,"column":0},"end":{"line":3,"column":61}},"2":{"start":{"line":8,"column":7},"end":{"line":27,"column":null}},"3":{"start":{"line":8,"column":13},"end":{"line":8,"column":17}},"4":{"start":{"line":10,"column":2},"end":{"line":10,"column":null}},"5":{"start":{"line":13,"column":2},"end":{"line":13,"column":null}},"6":{"start":{"line":20,"column":2},"end":{"line":20,"column":null}},"7":{"start":{"line":23,"column":2},"end":{"line":23,"column":null}},"8":{"start":{"line":26,"column":2},"end":{"line":26,"column":null}},"9":{"start":{"line":8,"column":13},"end":{"line":27,"column":null}},"10":{"start":{"line":29,"column":13},"end":{"line":29,"column":61}}},"fnMap":{},"branchMap":{},"s":{"0":0,"1":0,"2":0,"3":0,"4":0,"5":0,"6":0,"7":0,"8":0,"9":0,"10":0},"f":{},"b":{}}
}
